<?xml version="1.0" encoding="UTF-8"?>
<!-- Generated by org.testng.reporters.JUnitReportReporter -->
<testsuite hostname="LAPTOP-077COGF2" failures="0" tests="1" name="com.gcr.Test.Testlogin" time="3.888" errors="0" timestamp="2021-07-14T16:29:17 BST" skipped="0">
  <testcase classname="com.gcr.Test.Testlogin" name="login" time="3.888"/>
  <system-out/>
</testsuite> <!-- com.gcr.Test.Testlogin -->
